<?xml version="1.0" encoding="UTF-8"?>
<testsuite xmlns:xsi="http://www.w3.org/2001/XMLSchema-instance" xsi:noNamespaceSchemaLocation="https://maven.apache.org/surefire/maven-surefire-plugin/xsd/surefire-test-report-3.0.xsd" version="3.0" name="com.example.crudcapybarasapi.CrudCapybarasApiApplicationTests" time="2.169" tests="1" errors="0" skipped="0" failures="0">
  <properties>
[...]
</properties>
  <testcase name="contextLoads" classname="com.example.crudcapybarasapi.CrudCapybarasApiApplicationTests" time="0.289">
    <system-out><![CDATA[15:38:33.546 [main] INFO org.springframework.test.context.support.AnnotationConfigContextLoaderUtils -- Could not detect default configuration classes for test class [com.example.crudcapybarasapi.CrudCapybarasApiApplicationTests]: CrudCapybarasApiApplicationTests does not declare any static, non-private, non-final, nested classes annotated with @Configuration.
15:38:33.587 [main] INFO org.springframework.boot.test.context.SpringBootTestContextBootstrapper -- Found @SpringBootConfiguration com.example.crudcapybarasapi.CrudCapybarasApiApplication for test class com.example.crudcapybarasapi.CrudCapybarasApiApplicationTests

  .   ____          _            __ _ _
 /\\ / ___'_ __ _ _(_)_ __  __ _ \ \ \ \
( ( )\___ | '_ | '_| | '_ \/ _` | \ \ \ \
 \\/  ___)| |_)| | | | | || (_| |  ) ) ) )
  '  |____| .__|_| |_|_| |_\__, | / / / /
 =========|_|==============|___/=/_/_/_/
 :: Spring Boot ::                (v3.2.4)

2024-04-06T15:38:33.755+02:00  INFO 84589 --- [           main] c.e.c.CrudCapybarasApiApplicationTests   : Starting CrudCapybarasApiApplicationTests using Java 21.0.1 with PID 84589 (started by wojtur in /Users/wojtur/IdeaProjects/CrudCapybarasApi)
2024-04-06T15:38:33.755+02:00  INFO 84589 --- [           main] c.e.c.CrudCapybarasApiApplicationTests   : No active profile set, falling back to 1 default profile: "default"
2024-04-06T15:38:33.990+02:00  INFO 84589 --- [           main] .s.d.r.c.RepositoryConfigurationDelegate : Bootstrapping Spring Data JPA repositories in DEFAULT mode.
2024-04-06T15:38:34.011+02:00  INFO 84589 --- [           main] .s.d.r.c.RepositoryConfigurationDelegate : Finished Spring Data repository scanning in 18 ms. Found 1 JPA repository interface.
2024-04-06T15:38:34.218+02:00  INFO 84589 --- [           main] com.zaxxer.hikari.HikariDataSource       : HikariPool-1 - Starting...
2024-04-06T15:38:34.309+02:00  INFO 84589 --- [           main] com.zaxxer.hikari.pool.HikariPool        : HikariPool-1 - Added connection org.postgresql.jdbc.PgConnection@65c17e38
2024-04-06T15:38:34.310+02:00  INFO 84589 --- [           main] com.zaxxer.hikari.HikariDataSource       : HikariPool-1 - Start completed.
2024-04-06T15:38:34.319+02:00  INFO 84589 --- [           main] org.flywaydb.core.FlywayExecutor         : Database: jdbc:postgresql://localhost:5432/crud_capybaras (PostgreSQL 16.1)
2024-04-06T15:38:34.340+02:00  INFO 84589 --- [           main] o.f.core.internal.command.DbValidate     : Successfully validated 0 migrations (execution time 00:00.010s)
2024-04-06T15:38:34.340+02:00  WARN 84589 --- [           main] o.f.core.internal.command.DbValidate     : No migrations found. Are your locations set up correctly?
2024-04-06T15:38:34.362+02:00  INFO 84589 --- [           main] o.f.core.internal.command.DbMigrate      : Current version of schema "public": << Empty Schema >>
2024-04-06T15:38:34.364+02:00  INFO 84589 --- [           main] o.f.core.internal.command.DbMigrate      : Schema "public" is up to date. No migration necessary.
2024-04-06T15:38:34.416+02:00  INFO 84589 --- [           main] o.hibernate.jpa.internal.util.LogHelper  : HHH000204: Processing PersistenceUnitInfo [name: default]
2024-04-06T15:38:34.444+02:00  INFO 84589 --- [           main] org.hibernate.Version                    : HHH000412: Hibernate ORM core version 6.4.4.Final
2024-04-06T15:38:34.457+02:00  INFO 84589 --- [           main] o.h.c.internal.RegionFactoryInitiator    : HHH000026: Second-level cache disabled
2024-04-06T15:38:34.549+02:00  INFO 84589 --- [           main] o.s.o.j.p.SpringPersistenceUnitInfo      : No LoadTimeWeaver setup: ignoring JPA class transformer
2024-04-06T15:38:34.570+02:00  WARN 84589 --- [           main] org.hibernate.orm.deprecation            : HHH90000025: PostgreSQLDialect does not need to be specified explicitly using 'hibernate.dialect' (remove the property setting and it will be selected by default)
2024-04-06T15:38:34.962+02:00  INFO 84589 --- [           main] o.h.e.t.j.p.i.JtaPlatformInitiator       : HHH000489: No JTA platform available (set 'hibernate.transaction.jta.platform' to enable JTA platform integration)
2024-04-06T15:38:35.036+02:00  INFO 84589 --- [           main] j.LocalContainerEntityManagerFactoryBean : Initialized JPA EntityManagerFactory for persistence unit 'default'
2024-04-06T15:38:35.196+02:00  WARN 84589 --- [           main] JpaBaseConfiguration$JpaWebConfiguration : spring.jpa.open-in-view is enabled by default. Therefore, database queries may be performed during view rendering. Explicitly configure spring.jpa.open-in-view to disable this warning
2024-04-06T15:38:35.339+02:00  INFO 84589 --- [           main] c.e.c.CrudCapybarasApiApplicationTests   : Started CrudCapybarasApiApplicationTests in 1.699 seconds (process running for 2.097)
]]></system-out>
    <system-err><![CDATA[WARNING: A Java agent has been loaded dynamically (/Users/wojtur/.m2/repository/net/bytebuddy/byte-buddy-agent/1.14.12/byte-buddy-agent-1.14.12.jar)
WARNING: If a serviceability tool is in use, please run with -XX:+EnableDynamicAgentLoading to hide this warning
WARNING: If a serviceability tool is not in use, please run with -Djdk.instrument.traceUsage for more information
WARNING: Dynamic loading of agents will be disallowed by default in a future release
]]></system-err>
  </testcase>
</testsuite>